# JRE version: Java(TM) SE Runtime Environment (17.0.12+8) (build 17.0.12+8-LTS-286)
# Java VM: Java HotSpot(TM) 64-Bit Server VM (17.0.12+8-LTS-286, mixed mode, sharing, tiered, compressed oops, compressed class ptrs, g1 gc, windows-amd64)
GC Precious Log:
 CPUs: 4 total, 4 available
 Memory: 7540M
 Large Page Support: Disabled
 NUMA Support: Disabled
 Compressed Oops: Enabled (32-bit)
 Heap Region Size: 1M
 Heap Min Capacity: 8M
 Heap Initial Capacity: 118M
 Heap Max Capacity: 1886M
 Pre-touch: Disabled
 Parallel Workers: 4
 Concurrent Workers: 1
 Concurrent Refinement Workers: 4
 Periodic GC: Disabled
Heap:
 garbage-first heap   total 71680K, used 46944K [0x000000008a200000, 0x0000000100000000)
  region size 1024K, 17 young (17408K), 3 survivors (3072K)
 Metaspace       used 88317K, committed 89088K, reserved 1179648K
  class space    used 11731K, committed 12096K, reserved 1048576K
GC Heap History (20 events):
Event: 870.204 GC heap before
{Heap before GC invocations=49 (full 4):
 garbage-first heap   total 70656K, used 57288K [0x000000008a200000, 0x0000000100000000)
  region size 1024K, 21 young (21504K), 2 survivors (2048K)
 Metaspace       used 87201K, committed 87936K, reserved 1179648K
  class space    used 11641K, committed 11968K, reserved 1048576K
}
Event: 870.206 GC heap after
{Heap after GC invocations=50 (full 4):
 garbage-first heap   total 70656K, used 37942K [0x000000008a200000, 0x0000000100000000)
  region size 1024K, 1 young (1024K), 1 survivors (1024K)
 Metaspace       used 87201K, committed 87936K, reserved 1179648K
  class space    used 11641K, committed 11968K, reserved 1048576K
}
Event: 1088.585 GC heap before
{Heap before GC invocations=51 (full 4):
 garbage-first heap   total 70656K, used 57398K [0x000000008a200000, 0x0000000100000000)
  region size 1024K, 20 young (20480K), 1 survivors (1024K)
 Metaspace       used 87200K, committed 87936K, reserved 1179648K
  class space    used 11640K, committed 11968K, reserved 1048576K
}
Event: 1088.586 GC heap after
{Heap after GC invocations=52 (full 4):
 garbage-first heap   total 70656K, used 37771K [0x000000008a200000, 0x0000000100000000)
  region size 1024K, 1 young (1024K), 1 survivors (1024K)
 Metaspace       used 87200K, committed 87936K, reserved 1179648K
  class space    used 11640K, committed 11968K, reserved 1048576K
}
Event: 1111.319 GC heap before
{Heap before GC invocations=52 (full 4):
 garbage-first heap   total 70656K, used 39819K [0x000000008a200000, 0x0000000100000000)
  region size 1024K, 3 young (3072K), 1 survivors (1024K)
 Metaspace       used 87200K, committed 87936K, reserved 1179648K
  class space    used 11640K, committed 11968K, reserved 1048576K
}
Event: 1111.320 GC heap after
{Heap after GC invocations=53 (full 4):
 garbage-first heap   total 70656K, used 36729K [0x000000008a200000, 0x0000000100000000)
  region size 1024K, 1 young (1024K), 1 survivors (1024K)
 Metaspace       used 87200K, committed 87936K, reserved 1179648K
  class space    used 11640K, committed 11968K, reserved 1048576K
}
Event: 1165.213 GC heap before
{Heap before GC invocations=53 (full 4):
 garbage-first heap   total 70656K, used 38777K [0x000000008a200000, 0x0000000100000000)
  region size 1024K, 4 young (4096K), 1 survivors (1024K)
 Metaspace       used 87251K, committed 88000K, reserved 1179648K
  class space    used 11648K, committed 11968K, reserved 1048576K
}
Event: 1165.263 GC heap after
{Heap after GC invocations=54 (full 5):
 garbage-first heap   total 70656K, used 32833K [0x000000008a200000, 0x0000000100000000)
  region size 1024K, 0 young (0K), 0 survivors (0K)
 Metaspace       used 87228K, committed 88000K, reserved 1179648K
  class space    used 11645K, committed 11968K, reserved 1048576K
}
Event: 1165.739 GC heap before
{Heap before GC invocations=54 (full 5):
 garbage-first heap   total 70656K, used 56385K [0x000000008a200000, 0x0000000100000000)
  region size 1024K, 24 young (24576K), 0 survivors (0K)
 Metaspace       used 87378K, committed 88128K, reserved 1179648K
  class space    used 11665K, committed 12032K, reserved 1048576K
}
Event: 1165.744 GC heap after
{Heap after GC invocations=55 (full 5):
 garbage-first heap   total 70656K, used 35042K [0x000000008a200000, 0x0000000100000000)
  region size 1024K, 3 young (3072K), 3 survivors (3072K)
 Metaspace       used 87378K, committed 88128K, reserved 1179648K
  class space    used 11665K, committed 12032K, reserved 1048576K
}
Event: 1166.163 GC heap before
{Heap before GC invocations=56 (full 5):
 garbage-first heap   total 70656K, used 55522K [0x000000008a200000, 0x0000000100000000)
  region size 1024K, 24 young (24576K), 3 survivors (3072K)
 Metaspace       used 87560K, committed 88320K, reserved 1179648K
  class space    used 11678K, committed 12032K, reserved 1048576K
}
Event: 1166.167 GC heap after
{Heap after GC invocations=57 (full 5):
 garbage-first heap   total 70656K, used 36684K [0x000000008a200000, 0x0000000100000000)
  region size 1024K, 2 young (2048K), 2 survivors (2048K)
 Metaspace       used 87560K, committed 88320K, reserved 1179648K
  class space    used 11678K, committed 12032K, reserved 1048576K
}
Event: 1166.436 GC heap before
{Heap before GC invocations=57 (full 5):
 garbage-first heap   total 70656K, used 56140K [0x000000008a200000, 0x0000000100000000)
  region size 1024K, 21 young (21504K), 2 survivors (2048K)
 Metaspace       used 87980K, committed 88704K, reserved 1179648K
  class space    used 11704K, committed 12032K, reserved 1048576K
}
Event: 1166.440 GC heap after
{Heap after GC invocations=58 (full 5):
 garbage-first heap   total 70656K, used 38152K [0x000000008a200000, 0x0000000100000000)
  region size 1024K, 2 young (2048K), 2 survivors (2048K)
 Metaspace       used 87980K, committed 88704K, reserved 1179648K
  class space    used 11704K, committed 12032K, reserved 1048576K
}
Event: 1307.253 GC heap before
{Heap before GC invocations=59 (full 5):
 garbage-first heap   total 71680K, used 56584K [0x000000008a200000, 0x0000000100000000)
  region size 1024K, 20 young (20480K), 2 survivors (2048K)
 Metaspace       used 88010K, committed 88768K, reserved 1179648K
  class space    used 11705K, committed 12032K, reserved 1048576K
}
Event: 1307.256 GC heap after
{Heap after GC invocations=60 (full 5):
 garbage-first heap   total 71680K, used 37993K [0x000000008a200000, 0x0000000100000000)
  region size 1024K, 2 young (2048K), 2 survivors (2048K)
 Metaspace       used 88010K, committed 88768K, reserved 1179648K
  class space    used 11705K, committed 12032K, reserved 1048576K
}
Event: 1475.974 GC heap before
{Heap before GC invocations=60 (full 5):
 garbage-first heap   total 71680K, used 54377K [0x000000008a200000, 0x0000000100000000)
  region size 1024K, 19 young (19456K), 2 survivors (2048K)
 Metaspace       used 88098K, committed 88832K, reserved 1179648K
  class space    used 11710K, committed 12032K, reserved 1048576K
}
Event: 1476.024 GC heap after
{Heap after GC invocations=61 (full 6):
 garbage-first heap   total 71680K, used 32187K [0x000000008a200000, 0x0000000100000000)
  region size 1024K, 0 young (0K), 0 survivors (0K)
 Metaspace       used 88072K, committed 88832K, reserved 1179648K
  class space    used 11706K, committed 12032K, reserved 1048576K
}
Event: 1476.464 GC heap before
{Heap before GC invocations=61 (full 6):
 garbage-first heap   total 71680K, used 58811K [0x000000008a200000, 0x0000000100000000)
  region size 1024K, 26 young (26624K), 0 survivors (0K)
 Metaspace       used 88220K, committed 89024K, reserved 1179648K
  class space    used 11725K, committed 12096K, reserved 1048576K
}
Event: 1476.470 GC heap after
{Heap after GC invocations=62 (full 6):
 garbage-first heap   total 71680K, used 34656K [0x000000008a200000, 0x0000000100000000)
  region size 1024K, 3 young (3072K), 3 survivors (3072K)
 Metaspace       used 88220K, committed 89024K, reserved 1179648K
  class space    used 11725K, committed 12096K, reserved 1048576K
}

