# JRE version: Java(TM) SE Runtime Environment (17.0.12+8) (build 17.0.12+8-LTS-286)
# Java VM: Java HotSpot(TM) 64-Bit Server VM (17.0.12+8-LTS-286, mixed mode, sharing, tiered, compressed oops, compressed class ptrs, g1 gc, windows-amd64)
GC Precious Log:
 CPUs: 4 total, 4 available
 Memory: 7540M
 Large Page Support: Disabled
 NUMA Support: Disabled
 Compressed Oops: Enabled (32-bit)
 Heap Region Size: 1M
 Heap Min Capacity: 8M
 Heap Initial Capacity: 118M
 Heap Max Capacity: 1886M
 Pre-touch: Disabled
 Parallel Workers: 4
 Concurrent Workers: 1
 Concurrent Refinement Workers: 4
 Periodic GC: Disabled
Heap:
 garbage-first heap   total 61440K, used 36793K [0x000000008a200000, 0x0000000100000000)
  region size 1024K, 12 young (12288K), 2 survivors (2048K)
 Metaspace       used 66610K, committed 67136K, reserved 1114112K
  class space    used 9103K, committed 9344K, reserved 1048576K
GC Heap History (20 events):
Event: 3.592 GC heap before
{Heap before GC invocations=5 (full 0):
 garbage-first heap   total 61440K, used 47256K [0x000000008a200000, 0x0000000100000000)
  region size 1024K, 39 young (39936K), 8 survivors (8192K)
 Metaspace       used 24942K, committed 25344K, reserved 1114112K
  class space    used 3200K, committed 3392K, reserved 1048576K
}
Event: 3.602 GC heap after
{Heap after GC invocations=6 (full 0):
 garbage-first heap   total 61440K, used 18644K [0x000000008a200000, 0x0000000100000000)
  region size 1024K, 3 young (3072K), 3 survivors (3072K)
 Metaspace       used 24942K, committed 25344K, reserved 1114112K
  class space    used 3200K, committed 3392K, reserved 1048576K
}
Event: 4.335 GC heap before
{Heap before GC invocations=6 (full 0):
 garbage-first heap   total 61440K, used 42196K [0x000000008a200000, 0x0000000100000000)
  region size 1024K, 26 young (26624K), 3 survivors (3072K)
 Metaspace       used 29725K, committed 30080K, reserved 1114112K
  class space    used 3873K, committed 4032K, reserved 1048576K
}
Event: 4.341 GC heap after
{Heap after GC invocations=7 (full 0):
 garbage-first heap   total 61440K, used 20958K [0x000000008a200000, 0x0000000100000000)
  region size 1024K, 3 young (3072K), 3 survivors (3072K)
 Metaspace       used 29725K, committed 30080K, reserved 1114112K
  class space    used 3873K, committed 4032K, reserved 1048576K
}
Event: 4.953 GC heap before
{Heap before GC invocations=7 (full 0):
 garbage-first heap   total 61440K, used 43486K [0x000000008a200000, 0x0000000100000000)
  region size 1024K, 26 young (26624K), 3 survivors (3072K)
 Metaspace       used 34866K, committed 35328K, reserved 1114112K
  class space    used 4413K, committed 4672K, reserved 1048576K
}
Event: 4.958 GC heap after
{Heap after GC invocations=8 (full 0):
 garbage-first heap   total 61440K, used 23296K [0x000000008a200000, 0x0000000100000000)
  region size 1024K, 3 young (3072K), 3 survivors (3072K)
 Metaspace       used 34866K, committed 35328K, reserved 1114112K
  class space    used 4413K, committed 4672K, reserved 1048576K
}
Event: 4.990 GC heap before
{Heap before GC invocations=8 (full 0):
 garbage-first heap   total 61440K, used 23296K [0x000000008a200000, 0x0000000100000000)
  region size 1024K, 5 young (5120K), 3 survivors (3072K)
 Metaspace       used 35520K, committed 35968K, reserved 1114112K
  class space    used 4457K, committed 4672K, reserved 1048576K
}
Event: 4.992 GC heap after
{Heap after GC invocations=9 (full 0):
 garbage-first heap   total 61440K, used 23563K [0x000000008a200000, 0x0000000100000000)
  region size 1024K, 1 young (1024K), 1 survivors (1024K)
 Metaspace       used 35520K, committed 35968K, reserved 1114112K
  class space    used 4457K, committed 4672K, reserved 1048576K
}
Event: 6.244 GC heap before
{Heap before GC invocations=10 (full 0):
 garbage-first heap   total 61440K, used 46091K [0x000000008a200000, 0x0000000100000000)
  region size 1024K, 23 young (23552K), 1 survivors (1024K)
 Metaspace       used 42946K, committed 43392K, reserved 1114112K
  class space    used 5391K, committed 5568K, reserved 1048576K
}
Event: 6.246 GC heap after
{Heap after GC invocations=11 (full 0):
 garbage-first heap   total 61440K, used 24259K [0x000000008a200000, 0x0000000100000000)
  region size 1024K, 2 young (2048K), 2 survivors (2048K)
 Metaspace       used 42946K, committed 43392K, reserved 1114112K
  class space    used 5391K, committed 5568K, reserved 1048576K
}
Event: 6.901 GC heap before
{Heap before GC invocations=11 (full 0):
 garbage-first heap   total 61440K, used 46787K [0x000000008a200000, 0x0000000100000000)
  region size 1024K, 24 young (24576K), 2 survivors (2048K)
 Metaspace       used 48105K, committed 48512K, reserved 1114112K
  class space    used 6225K, committed 6400K, reserved 1048576K
}
Event: 6.904 GC heap after
{Heap after GC invocations=12 (full 0):
 garbage-first heap   total 61440K, used 25365K [0x000000008a200000, 0x0000000100000000)
  region size 1024K, 3 young (3072K), 3 survivors (3072K)
 Metaspace       used 48105K, committed 48512K, reserved 1114112K
  class space    used 6225K, committed 6400K, reserved 1048576K
}
Event: 7.689 GC heap before
{Heap before GC invocations=12 (full 0):
 garbage-first heap   total 61440K, used 46869K [0x000000008a200000, 0x0000000100000000)
  region size 1024K, 25 young (25600K), 3 survivors (3072K)
 Metaspace       used 54119K, committed 54592K, reserved 1114112K
  class space    used 7199K, committed 7424K, reserved 1048576K
}
Event: 7.693 GC heap after
{Heap after GC invocations=13 (full 0):
 garbage-first heap   total 61440K, used 26861K [0x000000008a200000, 0x0000000100000000)
  region size 1024K, 3 young (3072K), 3 survivors (3072K)
 Metaspace       used 54119K, committed 54592K, reserved 1114112K
  class space    used 7199K, committed 7424K, reserved 1048576K
}
Event: 8.436 GC heap before
{Heap before GC invocations=13 (full 0):
 garbage-first heap   total 61440K, used 48365K [0x000000008a200000, 0x0000000100000000)
  region size 1024K, 24 young (24576K), 3 survivors (3072K)
 Metaspace       used 58585K, committed 59072K, reserved 1114112K
  class space    used 7781K, committed 8000K, reserved 1048576K
}
Event: 8.440 GC heap after
{Heap after GC invocations=14 (full 0):
 garbage-first heap   total 61440K, used 27926K [0x000000008a200000, 0x0000000100000000)
  region size 1024K, 2 young (2048K), 2 survivors (2048K)
 Metaspace       used 58585K, committed 59072K, reserved 1114112K
  class space    used 7781K, committed 8000K, reserved 1048576K
}
Event: 8.539 GC heap before
{Heap before GC invocations=14 (full 0):
 garbage-first heap   total 61440K, used 28950K [0x000000008a200000, 0x0000000100000000)
  region size 1024K, 5 young (5120K), 2 survivors (2048K)
 Metaspace       used 60014K, committed 60480K, reserved 1114112K
  class space    used 8055K, committed 8256K, reserved 1048576K
}
Event: 8.541 GC heap after
{Heap after GC invocations=15 (full 0):
 garbage-first heap   total 61440K, used 28028K [0x000000008a200000, 0x0000000100000000)
  region size 1024K, 2 young (2048K), 2 survivors (2048K)
 Metaspace       used 60014K, committed 60480K, reserved 1114112K
  class space    used 8055K, committed 8256K, reserved 1048576K
}
Event: 9.135 GC heap before
{Heap before GC invocations=16 (full 0):
 garbage-first heap   total 61440K, used 47484K [0x000000008a200000, 0x0000000100000000)
  region size 1024K, 22 young (22528K), 2 survivors (2048K)
 Metaspace       used 64203K, committed 64768K, reserved 1114112K
  class space    used 8723K, committed 8960K, reserved 1048576K
}
Event: 9.137 GC heap after
{Heap after GC invocations=17 (full 0):
 garbage-first heap   total 61440K, used 28601K [0x000000008a200000, 0x0000000100000000)
  region size 1024K, 2 young (2048K), 2 survivors (2048K)
 Metaspace       used 64203K, committed 64768K, reserved 1114112K
  class space    used 8723K, committed 8960K, reserved 1048576K
}

