# JRE version: Java(TM) SE Runtime Environment (17.0.12+8) (build 17.0.12+8-LTS-286)
# Java VM: Java HotSpot(TM) 64-Bit Server VM (17.0.12+8-LTS-286, mixed mode, sharing, tiered, compressed oops, compressed class ptrs, g1 gc, windows-amd64)
GC Precious Log:
 CPUs: 4 total, 4 available
 Memory: 7540M
 Large Page Support: Disabled
 NUMA Support: Disabled
 Compressed Oops: Enabled (32-bit)
 Heap Region Size: 1M
 Heap Min Capacity: 8M
 Heap Initial Capacity: 118M
 Heap Max Capacity: 1886M
 Pre-touch: Disabled
 Parallel Workers: 4
 Concurrent Workers: 1
 Concurrent Refinement Workers: 4
 Periodic GC: Disabled
Heap:
 garbage-first heap   total 65536K, used 21357K [0x000000008a200000, 0x0000000100000000)
  region size 1024K, 2 young (2048K), 2 survivors (2048K)
 Metaspace       used 29709K, committed 30144K, reserved 1114112K
  class space    used 3960K, committed 4160K, reserved 1048576K
GC Heap History (13 events):
Event: 0.309 GC heap before
{Heap before GC invocations=0 (full 0):
 garbage-first heap   total 120832K, used 14336K [0x000000008a200000, 0x0000000100000000)
  region size 1024K, 13 young (13312K), 0 survivors (0K)
 Metaspace       used 1928K, committed 2048K, reserved 1114112K
  class space    used 182K, committed 256K, reserved 1048576K
}
Event: 0.318 GC heap after
{Heap after GC invocations=1 (full 0):
 garbage-first heap   total 120832K, used 10129K [0x000000008a200000, 0x0000000100000000)
  region size 1024K, 2 young (2048K), 2 survivors (2048K)
 Metaspace       used 1928K, committed 2048K, reserved 1114112K
  class space    used 182K, committed 256K, reserved 1048576K
}
Event: 0.690 GC heap before
{Heap before GC invocations=1 (full 0):
 garbage-first heap   total 120832K, used 18321K [0x000000008a200000, 0x0000000100000000)
  region size 1024K, 10 young (10240K), 2 survivors (2048K)
 Metaspace       used 3677K, committed 3776K, reserved 1114112K
  class space    used 404K, committed 448K, reserved 1048576K
}
Event: 0.694 GC heap after
{Heap after GC invocations=2 (full 0):
 garbage-first heap   total 120832K, used 11371K [0x000000008a200000, 0x0000000100000000)
  region size 1024K, 2 young (2048K), 2 survivors (2048K)
 Metaspace       used 3677K, committed 3776K, reserved 1114112K
  class space    used 404K, committed 448K, reserved 1048576K
}
Event: 1.218 GC heap before
{Heap before GC invocations=2 (full 0):
 garbage-first heap   total 120832K, used 28779K [0x000000008a200000, 0x0000000100000000)
  region size 1024K, 19 young (19456K), 2 survivors (2048K)
 Metaspace       used 8291K, committed 8576K, reserved 1114112K
  class space    used 1025K, committed 1152K, reserved 1048576K
}
Event: 1.224 GC heap after
{Heap after GC invocations=3 (full 0):
 garbage-first heap   total 120832K, used 12717K [0x000000008a200000, 0x0000000100000000)
  region size 1024K, 3 young (3072K), 3 survivors (3072K)
 Metaspace       used 8291K, committed 8576K, reserved 1114112K
  class space    used 1025K, committed 1152K, reserved 1048576K
}
Event: 2.913 GC heap before
{Heap before GC invocations=3 (full 0):
 garbage-first heap   total 120832K, used 73133K [0x000000008a200000, 0x0000000100000000)
  region size 1024K, 64 young (65536K), 3 survivors (3072K)
 Metaspace       used 21181K, committed 21504K, reserved 1114112K
  class space    used 2867K, committed 3008K, reserved 1048576K
}
Event: 2.923 GC heap after
{Heap after GC invocations=4 (full 0):
 garbage-first heap   total 120832K, used 16991K [0x000000008a200000, 0x0000000100000000)
  region size 1024K, 7 young (7168K), 7 survivors (7168K)
 Metaspace       used 21181K, committed 21504K, reserved 1114112K
  class space    used 2867K, committed 3008K, reserved 1048576K
}
Event: 3.522 GC heap before
{Heap before GC invocations=5 (full 0):
 garbage-first heap   total 65536K, used 47711K [0x000000008a200000, 0x0000000100000000)
  region size 1024K, 38 young (38912K), 7 survivors (7168K)
 Metaspace       used 26361K, committed 26688K, reserved 1114112K
  class space    used 3518K, committed 3648K, reserved 1048576K
}
Event: 3.533 GC heap after
{Heap after GC invocations=6 (full 0):
 garbage-first heap   total 65536K, used 20032K [0x000000008a200000, 0x0000000100000000)
  region size 1024K, 4 young (4096K), 4 survivors (4096K)
 Metaspace       used 26361K, committed 26688K, reserved 1114112K
  class space    used 3518K, committed 3648K, reserved 1048576K
}
Event: 3.550 GC heap before
{Heap before GC invocations=6 (full 0):
 garbage-first heap   total 65536K, used 21056K [0x000000008a200000, 0x0000000100000000)
  region size 1024K, 5 young (5120K), 4 survivors (4096K)
 Metaspace       used 26410K, committed 26752K, reserved 1114112K
  class space    used 3524K, committed 3648K, reserved 1048576K
}
Event: 3.556 GC heap after
{Heap after GC invocations=7 (full 0):
 garbage-first heap   total 65536K, used 20464K [0x000000008a200000, 0x0000000100000000)
  region size 1024K, 1 young (1024K), 1 survivors (1024K)
 Metaspace       used 26410K, committed 26752K, reserved 1114112K
  class space    used 3524K, committed 3648K, reserved 1048576K
}
Event: 4.242 GC heap before
{Heap before GC invocations=7 (full 0):
 garbage-first heap   total 65536K, used 44016K [0x000000008a200000, 0x0000000100000000)
  region size 1024K, 24 young (24576K), 1 survivors (1024K)
 Metaspace       used 29709K, committed 30144K, reserved 1114112K
  class space    used 3960K, committed 4160K, reserved 1048576K
}

